<?xml version="1.0" encoding="UTF-8"?>
<!-- Generated by org.testng.reporters.JUnitReportReporter -->
<testsuite hostname="MSI" failures="0" tests="1" name="com.eclipsetestNG.iframeTask" time="5.027" errors="0" timestamp="2021-06-10T00:56:22 CEST" skipped="0">
  <testcase classname="com.eclipsetestNG.iframeTask" name="iframeTask" time="5.027"/>
</testsuite> <!-- com.eclipsetestNG.iframeTask -->
