<?xml version="1.0" encoding="UTF-8"?>
<!-- Generated by org.testng.reporters.JUnitReportReporter -->
<testsuite hostname="MSI" failures="0" tests="1" name="com.eclipsetestNG.JsExecuter" time="13.487" errors="0" timestamp="2021-07-27T15:31:17 CEST" skipped="0">
  <testcase classname="com.eclipsetestNG.JsExecuter" name="jsExecution" time="13.487"/>
</testsuite> <!-- com.eclipsetestNG.JsExecuter -->
