<?xml version="1.0" encoding="UTF-8"?>
<!-- Generated by org.testng.reporters.JUnitReportReporter -->
<testsuite hostname="MSI" failures="0" tests="1" name="com.eclipsetestNG.FileDownload" time="1.725" errors="0" timestamp="2021-06-12T13:11:22 CEST" skipped="0">
  <testcase classname="com.eclipsetestNG.FileDownload" name="userFolder" time="1.725"/>
</testsuite> <!-- com.eclipsetestNG.FileDownload -->
