<?xml version="1.0" encoding="UTF-8"?>
<!-- Generated by org.testng.reporters.JUnitReportReporter -->
<testsuite hostname="MSI" failures="0" tests="1" name="com.eclipsetestNG.AlertTask" time="4.820" errors="0" timestamp="2021-06-08T23:42:38 CEST" skipped="0">
  <testcase classname="com.eclipsetestNG.AlertTask" name="sendKeysAlert" time="4.820"/>
</testsuite> <!-- com.eclipsetestNG.AlertTask -->
