<?xml version="1.0" encoding="UTF-8"?>
<!-- Generated by org.testng.reporters.JUnitReportReporter -->
<testsuite hostname="MSI" failures="0" tests="1" name="com.eclipsetestNG.WindowHandleExample" time="7.682" errors="0" timestamp="2021-06-10T19:41:12 CEST" skipped="0">
  <testcase classname="com.eclipsetestNG.WindowHandleExample" name="windowHandle" time="7.682"/>
</testsuite> <!-- com.eclipsetestNG.WindowHandleExample -->
