<?xml version="1.0" encoding="UTF-8"?>
<!-- Generated by org.testng.reporters.JUnitReportReporter -->
<testsuite hostname="MSI" failures="0" tests="1" name="com.eclipsetestNG.KeysUpDown" time="7.488" errors="0" timestamp="2021-06-10T21:00:59 CEST" skipped="0">
  <testcase classname="com.eclipsetestNG.KeysUpDown" name="keysUpDown" time="7.488"/>
</testsuite> <!-- com.eclipsetestNG.KeysUpDown -->
