<?xml version="1.0" encoding="UTF-8"?>
<!-- Generated by org.testng.reporters.JUnitReportReporter -->
<testsuite hostname="MSI" failures="0" tests="1" name="com.eclipsetestNG.ExplicitWaitTest" time="7.940" errors="0" timestamp="2021-06-12T14:18:15 CEST" skipped="0">
  <testcase classname="com.eclipsetestNG.ExplicitWaitTest" name="explicitWait" time="7.940"/>
</testsuite> <!-- com.eclipsetestNG.ExplicitWaitTest -->
