<?xml version="1.0" encoding="UTF-8"?>
<!-- Generated by org.testng.reporters.JUnitReportReporter -->
<testsuite hostname="MSI" failures="0" tests="1" name="com.eclipsetestNG.AmazonTask" time="3.417" errors="0" timestamp="2021-06-09T00:05:47 CEST" skipped="0">
  <testcase classname="com.eclipsetestNG.AmazonTask" name="amazonTask" time="3.417"/>
</testsuite> <!-- com.eclipsetestNG.AmazonTask -->
