<?xml version="1.0" encoding="UTF-8"?>
<!-- Generated by org.testng.reporters.JUnitReportReporter -->
<testsuite hostname="MSI" failures="0" tests="1" name="com.eclipsetestNG.UploadFileTest" time="8.009" errors="0" timestamp="2021-06-10T21:29:02 CEST" skipped="0">
  <testcase classname="com.eclipsetestNG.UploadFileTest" name="uploadFileTest" time="8.009"/>
</testsuite> <!-- com.eclipsetestNG.UploadFileTest -->
