<?xml version="1.0" encoding="UTF-8"?>
<!-- Generated by org.testng.reporters.JUnitReportReporter -->
<testsuite hostname="MSI" failures="0" tests="1" name="com.eclipsetestNG.ExplicitWait02" time="9.930" errors="0" timestamp="2021-06-12T14:39:59 CEST" skipped="0">
  <testcase classname="com.eclipsetestNG.ExplicitWait02" name="enableButton" time="9.930"/>
</testsuite> <!-- com.eclipsetestNG.ExplicitWait02 -->
