<?xml version="1.0" encoding="UTF-8"?>
<!-- Generated by org.testng.reporters.JUnitReportReporter -->
<testsuite hostname="MSI" failures="0" tests="1" name="com.eclipsetestNG.ContextClick" time="7.562" errors="0" timestamp="2021-06-10T20:26:23 CEST" skipped="0">
  <testcase classname="com.eclipsetestNG.ContextClick" name="contextClickMethod" time="7.562"/>
</testsuite> <!-- com.eclipsetestNG.ContextClick -->
