<?xml version="1.0" encoding="UTF-8"?>
<!-- Generated by org.testng.reporters.JUnitReportReporter -->
<testsuite hostname="MSI" failures="0" tests="1" name="com.eclipsetestNG.FirstTestBaseClass" time="2.537" errors="0" timestamp="2021-06-10T00:12:38 CEST" skipped="0">
  <testcase classname="com.eclipsetestNG.FirstTestBaseClass" name="test1" time="2.537"/>
</testsuite> <!-- com.eclipsetestNG.FirstTestBaseClass -->
