<?xml version="1.0" encoding="UTF-8"?>
<!-- Generated by org.testng.reporters.JUnitReportReporter -->
<testsuite hostname="MSI" failures="0" tests="1" name="com.eclipsetestNG.ScrollUpDown" time="9.201" errors="0" timestamp="2021-06-10T21:10:57 CEST" skipped="0">
  <testcase classname="com.eclipsetestNG.ScrollUpDown" name="scrollUpDown" time="9.201"/>
</testsuite> <!-- com.eclipsetestNG.ScrollUpDown -->
