<?xml version="1.0" encoding="UTF-8"?>
<!-- Generated by org.testng.reporters.JUnitReportReporter -->
<testsuite hostname="MSI" failures="0" tests="1" name="com.eclipsetestNG.WindowHandleExercise02" time="5.493" errors="0" timestamp="2021-06-10T20:09:45 CEST" skipped="0">
  <testcase classname="com.eclipsetestNG.WindowHandleExercise02" name="demoTest" time="5.493"/>
</testsuite> <!-- com.eclipsetestNG.WindowHandleExercise02 -->
