<?xml version="1.0" encoding="UTF-8"?>
<!-- Generated by org.testng.reporters.JUnitReportReporter -->
<testsuite hostname="MSI" failures="0" tests="1" name="com.eclipsetestNG.FirstTestBaseClass" time="6.713" errors="0" timestamp="2021-06-09T00:28:06 CEST" skipped="0">
  <testcase classname="com.eclipsetestNG.FirstTestBaseClass" name="test1" time="6.713"/>
</testsuite> <!-- com.eclipsetestNG.FirstTestBaseClass -->
